<?xml version="1.0" encoding="UTF-8"?>
<!-- Generated by org.testng.reporters.JUnitXMLReporter -->
<testsuite ignored="3" hostname="HP" failures="0" tests="1" name="parameterTest" time="4.032" errors="0" timestamp="2025-03-13T09:51:33 IST">
  <testcase classname="testscript.LoginPageTest" name="verifyUsercanLoginwithInValidUsernameAndValidPassword" time="0.228"/>
  <testcase classname="testscript.LoginPageTest" name="verifyUsercanLoginwithValidCredentials" time="0.0">
    <ignored/>
  </testcase> <!-- verifyUsercanLoginwithValidCredentials -->
  <testcase classname="testscript.LoginPageTest" name="verifyUserCanLoginwithValidUsernameAndInvalidpassword" time="0.0">
    <ignored/>
  </testcase> <!-- verifyUserCanLoginwithValidUsernameAndInvalidpassword -->
  <testcase classname="testscript.LoginPageTest" name="verifyUSercanLoginwithInvalidUsernameAndInvalidPassword" time="0.0">
    <ignored/>
  </testcase> <!-- verifyUSercanLoginwithInvalidUsernameAndInvalidPassword -->
</testsuite> <!-- parameterTest -->
